<?xml version="1.0" encoding="UTF-8"?>
<testng-results skipped="0" failed="0" ignored="0" total="1" passed="1">
  <reporter-output>
  </reporter-output>
  <suite name="Surefire suite" duration-ms="57" started-at="2022-07-25T12:59:17Z" finished-at="2022-07-25T12:59:17Z">
    <groups>
    </groups>
    <test name="Surefire test" duration-ms="57" started-at="2022-07-25T12:59:17Z" finished-at="2022-07-25T12:59:17Z">
      <class name="AWSSeleniumInt.devicefarm.AppTest">
        <test-method status="PASS" signature="shouldAnswerWithTrue()" name="shouldAnswerWithTrue" duration-ms="7" started-at="2022-07-25T12:59:17Z" finished-at="2022-07-25T12:59:17Z">
          <reporter-output>
          </reporter-output>
        </test-method> <!-- shouldAnswerWithTrue -->
      </class> <!-- AWSSeleniumInt.devicefarm.AppTest -->
    </test> <!-- Surefire test -->
  </suite> <!-- Surefire suite -->
</testng-results>
