<?xml version="1.0" encoding="UTF-8"?>
<testng-results skipped="0" failed="0" ignored="0" total="1" passed="1">
  <reporter-output>
  </reporter-output>
  <suite name="Surefire suite" duration-ms="49620" started-at="2022-07-25T12:58:25Z" finished-at="2022-07-25T12:59:15Z">
    <groups>
    </groups>
    <test name="Surefire test" duration-ms="49620" started-at="2022-07-25T12:58:25Z" finished-at="2022-07-25T12:59:15Z">
      <class name="AWSSeleniumInt.devicefarm.awsSeleniumTest">
        <test-method status="PASS" signature="setUp()[pri:0, instance:AWSSeleniumInt.devicefarm.awsSeleniumTest@1e7c7811]" name="setUp" duration-ms="46484" started-at="2022-07-25T12:58:25Z" finished-at="2022-07-25T12:59:12Z">
          <reporter-output>
          </reporter-output>
        </test-method> <!-- setUp -->
        <test-method status="PASS" signature="teardown()[pri:0, instance:AWSSeleniumInt.devicefarm.awsSeleniumTest@1e7c7811]" name="teardown" is-config="true" duration-ms="3115" started-at="2022-07-25T12:59:12Z" finished-at="2022-07-25T12:59:15Z">
          <reporter-output>
          </reporter-output>
        </test-method> <!-- teardown -->
      </class> <!-- AWSSeleniumInt.devicefarm.awsSeleniumTest -->
    </test> <!-- Surefire test -->
  </suite> <!-- Surefire suite -->
</testng-results>
